<?xml version="1.0" encoding="UTF-8"?>
<testsuite xmlns:xsi="http://www.w3.org/2001/XMLSchema-instance" xsi:noNamespaceSchemaLocation="https://maven.apache.org/surefire/maven-surefire-plugin/xsd/surefire-test-report-3.0.xsd" version="3.0" name="library.services.LoanServiceTest$ReturnBookTests" time="0.015" tests="3" errors="0" skipped="0" failures="0">
  <properties>
[...]
</properties>
  <testcase name="testReturnAlreadyReturnedBook" classname="library.services.LoanServiceTest$ReturnBookTests" time="0.003">
    <system-out><![CDATA[Loan not found or already returned!
]]></system-out>
  </testcase>
  <testcase name="testReturnBookSuccess" classname="library.services.LoanServiceTest$ReturnBookTests" time="0.005">
    <system-out><![CDATA[Book returned successfully!
]]></system-out>
  </testcase>
  <testcase name="testReturnNonExistentLoan" classname="library.services.LoanServiceTest$ReturnBookTests" time="0.002">
    <system-out><![CDATA[Loan not found or already returned!
]]></system-out>
  </testcase>
</testsuite>